<?xml version="1.0" encoding="UTF-8"?>
<testsuite name="package1.PointTests" tests="3" skipped="0" failures="0" errors="0" timestamp="2022-10-11T21:33:12" hostname="DESKTOP-TNMSOSK" time="0.045">
  <properties/>
  <testcase name="testDistanceIsNotNull" classname="package1.PointTests" time="0.013"/>
  <testcase name="testDistanceWithCorrectData" classname="package1.PointTests" time="0.001"/>
  <testcase name="testDistanceWithIncorrectData" classname="package1.PointTests" time="0.002"/>
  <system-out><![CDATA[]]></system-out>
  <system-err><![CDATA[]]></system-err>
</testsuite>
