<?xml version="1.0" encoding="UTF-8"?>
<testsuite name="package1.PointTests" tests="2" skipped="0" failures="0" errors="0" timestamp="2022-09-24T21:24:43" hostname="DESKTOP-TNMSOSK" time="0.163">
  <properties/>
  <testcase name="testDistance1" classname="package1.PointTests" time="0.147"/>
  <testcase name="testDistance2" classname="package1.PointTests" time="0.002"/>
  <system-out><![CDATA[]]></system-out>
  <system-err><![CDATA[]]></system-err>
</testsuite>
